<?xml version="1.0" encoding="UTF-8"?>
<!-- Generated by org.testng.reporters.JUnitXMLReporter -->
<testsuite ignored="8" hostname="Harsh" failures="0" tests="6" name="Test" time="17.301" errors="0" timestamp="2025-07-03T00:52:54 AEST">
  <testcase classname="tests.SignUpPageTest" name="verifyLandingPage" time="0.378"/>
  <testcase classname="tests.SignUpPageTest" name="verifyRegisterFunctionality" time="2.64"/>
  <testcase classname="tests.SignInPageTest" name="verifySignInFunctionality" time="3.667"/>
  <testcase classname="tests.ProductPageTest" name="verifyProductSearchFunctionality" time="3.789"/>
  <testcase classname="tests.CartPageTest" name="verifyaddtocardFunctionality" time="2.555"/>
  <testcase classname="tests.OrderPageTest" name="verifyorderplacingFunctionality" time="4.186"/>
  <testcase classname="testenvironment.TestSetup" name="@AfterSuite endTestSuite" time="0.0">
    <ignored/>
  </testcase> <!-- @AfterSuite endTestSuite -->
  <testcase classname="testenvironment.TestSetup" name="@BeforeSuite startTestSuite" time="0.0">
    <ignored/>
  </testcase> <!-- @BeforeSuite startTestSuite -->
  <testcase classname="testenvironment.TestSetup" name="@BeforeSuite startTestSuite" time="0.0">
    <ignored/>
  </testcase> <!-- @BeforeSuite startTestSuite -->
  <testcase classname="testenvironment.TestSetup" name="@AfterSuite endTestSuite" time="0.0">
    <ignored/>
  </testcase> <!-- @AfterSuite endTestSuite -->
  <testcase classname="testenvironment.TestSetup" name="@AfterSuite endTestSuite" time="0.0">
    <ignored/>
  </testcase> <!-- @AfterSuite endTestSuite -->
  <testcase classname="testenvironment.TestSetup" name="@AfterSuite endTestSuite" time="0.0">
    <ignored/>
  </testcase> <!-- @AfterSuite endTestSuite -->
  <testcase classname="testenvironment.TestSetup" name="@BeforeSuite startTestSuite" time="0.0">
    <ignored/>
  </testcase> <!-- @BeforeSuite startTestSuite -->
  <testcase classname="testenvironment.TestSetup" name="@BeforeSuite startTestSuite" time="0.0">
    <ignored/>
  </testcase> <!-- @BeforeSuite startTestSuite -->
</testsuite> <!-- Test -->
